<?xml version="1.0" encoding="UTF-8" standalone="no"?>
<testsuite failures="0" name="cucumber.runtime.formatter.JUnitFormatter" skipped="0" tests="1" time="23.191476">
<testcase classname="CRMPRO Login Feature" name="CRMPRO Login Test Scenario" time="23.191476">
<system-out><![CDATA[Given user is already on login page.........................................passed
When title of login page is CRMPRO..........................................passed
Then user enters username and password......................................passed
Then user clicks on login button............................................passed
Then user is on home page...................................................passed
]]></system-out>
</testcase>
</testsuite>
